c:\users\имя\desktop\вуз\cpp\cpp_pract\cpp_pract\x64\debug\vc143.pdb
c:\users\имя\desktop\вуз\cpp\cpp_pract\cpp_pract\x64\debug\vc143.idb
c:\users\имя\desktop\вуз\cpp\cpp_pract\cpp_pract\x64\debug\cpp_pract.obj
c:\users\имя\desktop\вуз\cpp\cpp_pract\cpp_pract\x64\debug\cpp_lab.obj
c:\users\имя\desktop\вуз\cpp\cpp_pract\cpp_pract\x64\debug\cpp_lab_2.obj
c:\users\имя\desktop\вуз\cpp\cpp_pract\cpp_pract\x64\debug\cpp_lab_4.obj
c:\users\имя\desktop\вуз\cpp\cpp_pract\cpp_pract\x64\debug\cpp_lab_3.obj
c:\users\имя\desktop\вуз\cpp\cpp_pract\cpp_pract\x64\debug\peshexonov.obj
c:\users\имя\desktop\вуз\cpp\cpp_pract\cpp_pract\x64\debug\cpp_lab_5.obj
c:\users\имя\desktop\вуз\cpp\cpp_pract\cpp_pract\x64\debug\cpp_lab_6.obj
c:\users\имя\desktop\вуз\cpp\cpp_pract\cpp_pract\x64\debug\nodreal.obj
c:\users\имя\desktop\вуз\cpp\cpp_pract\cpp_pract\x64\debug\operatorsreal.obj
c:\users\имя\desktop\вуз\cpp\cpp_pract\cpp_pract\x64\debug\operationsreal.obj
c:\users\имя\desktop\вуз\cpp\cpp_pract\cpp_pract\x64\debug\reductionreal.obj
c:\users\имя\desktop\вуз\cpp\cpp_pract\cpp_pract\x64\debug\multreal.obj
c:\users\имя\desktop\вуз\cpp\cpp_pract\cpp_pract\x64\debug\divreal.obj
c:\users\имя\desktop\вуз\cpp\cpp_pract\cpp_pract\x64\debug\cpp_lab_7.obj
c:\users\имя\desktop\вуз\cpp\cpp_pract\cpp_pract\x64\debug\cpp_lab_8.obj
c:\users\имя\desktop\вуз\cpp\cpp_pract\cpp_pract\x64\debug\cpp_lab_9.obj
c:\users\имя\desktop\вуз\cpp\cpp_pract\x64\debug\cpp_pract.exe
c:\users\имя\desktop\вуз\cpp\cpp_pract\cpp_pract\x64\debug\cpp_pract.ilk
c:\users\имя\desktop\вуз\cpp\cpp_pract\x64\debug\cpp_pract.pdb
c:\users\имя\desktop\вуз\cpp\cpp_pract\cpp_pract\x64\debug\lab6module.obj
c:\users\имя\desktop\вуз\cpp\cpp_pract\cpp_pract\x64\debug\cpp_lab_5.obj.enc
c:\users\имя\desktop\вуз\cpp\cpp_pract\cpp_pract\x64\debug\cpp_lab_9.new.obj.enc
c:\users\имя\desktop\вуз\cpp\cpp_pract\cpp_pract\x64\debug\cpp_pract.tlog\cl.command.1.tlog
c:\users\имя\desktop\вуз\cpp\cpp_pract\cpp_pract\x64\debug\cpp_pract.tlog\cl.read.1.tlog
c:\users\имя\desktop\вуз\cpp\cpp_pract\cpp_pract\x64\debug\cpp_pract.tlog\cl.write.1.tlog
c:\users\имя\desktop\вуз\cpp\cpp_pract\cpp_pract\x64\debug\cpp_pract.tlog\link.command.1.tlog
c:\users\имя\desktop\вуз\cpp\cpp_pract\cpp_pract\x64\debug\cpp_pract.tlog\link.read.1.tlog
c:\users\имя\desktop\вуз\cpp\cpp_pract\cpp_pract\x64\debug\cpp_pract.tlog\link.write.1.tlog
